<!DOCTYPE html>
<html>
<head>
  
<meta http-equiv="Content-Type" content="text/html; charset=UTF-8" />

<script src="js/jquery.min.js"></script>
<script src="js/jquery.tablesorter.min.js"></script>
<script src="js/Chart.min.js"></script>
<script src="js/moment.min.js"></script>
<script src="js/bootstrap.min.js"></script>

<link rel="stylesheet" href="css/bootstrap.min.css" type="text/css"/>
<link rel="stylesheet" href="css/cucumber.css" type="text/css"/>
<link rel="stylesheet" href="css/font-awesome.min.css"/>
<link rel="shortcut icon" href="images/favicon.png"/>

<script>
$(document).ready(function() {
    // this will tell tablesorter to try looking for the data-value attribute
    // if present, it'll sort by that instead
    // otherwise, it'll sort by the text content of the table cell
    $("#tablesorter").tablesorter({
        textAttribute: 'data-value',
        // ignores the first row of the header, the 'scenario', 'steps', since
        // sorting those doesn't make sense
        selectorHeaders: '> thead tr:not(.dont-sort) th',
        // use a stable sort
        sortStable: true
    });
});
</script>










  
<title>Cucumber Reports (no 1) - Failures Overview</title>

</head>

<body>

<nav class="navbar navbar-default navbar-fixed-top" id="navigation">
  <div class="container-fluid">
    <div class="collapse navbar-collapse">
      <p class="navbar-text navbar-left">Cucumber Report</p>
      <ul class="nav navbar-nav navbar-right">
                  <li role="presentation"><a href="../">Jenkins</a></li>
                      <li role="presentation"><a href="../../0/cucumber-html-reports/overview-failures.html">Previous results</a></li>
                    <li role="presentation"><a href="../../lastCompletedBuild/cucumber-html-reports/overview-failures.html">Latest results</a></li>
                <li role="presentation" ><a href="overview-features.html">Features</a></li>
        <li role="presentation" ><a href="overview-tags.html">Tags</a></li>
        <li role="presentation" ><a href="overview-steps.html">Steps</a></li>
                <li role="presentation"  class="active" ><a href="overview-failures.html">Failures</a></li>
      </ul>
    </div>
  </div>
</nav>


<div class="container-fluid">
  <div class="col-md-5 col-md-offset-1">
    
<table class="table table-bordered" id="build-info">
  <thead>
    <tr>
      <th>Project</th>
              <th>Number</th>
            <th>Date</th>
    </tr>
  </thead>
  <tbody>
    <tr class="info">
      <td>Tek School Retail Website - Tigers</td>
              <td>1</td>
            <td>03 Aug 2022, 21:25</td>
    </tr>
  </tbody>
</table>

  </div>
  <div class="col-md-3 col-md-offset-2">
      </div>
</div>


<div id="report-lead" class="container-fluid">
  <div class="col-md-10 col-md-offset-1">
    <h2>Failures Overview</h2>
          <p>The following summary displays scenarios that failed.</p>
      </div>
</div>

  
<div class="container-fluid">
  <div class="row">
    <div class="col-md-1 col-md-offset-10">
      <i class="fa fa-chevron-circle-down fa-2x collapsable-control"
        onClick="javascript:$('#report .collapsable-details').collapse('show')"></i>
      <i class="fa fa-chevron-circle-up fa-2x collapsable-control"
        onClick="javascript:$('#report .collapsable-details').collapse('hide')"></i>
    </div>
  </div>
</div>


<div class="container-fluid" id="report">
  <div class="row">
    <div class="col-md-10 col-md-offset-1">

              <div class="elements">
                      
<div class="element">
      <div class="indention">
      <b>Feature:</b>
      <a href="report-feature_2_4277344432.html">Laptop &amp; NoteBooks</a>
    </div>
  
  
<div class="tags indention">
      <b>Tags:</b>
           <a href="report-tag_1397372154.html">@laptopAndNoteBooks</a>
      </div>

  
  <span class="lead-duration duration">2.203</span>


    <span data-toggle="collapse" class=" collapsable-control" data-target="#element-1">
    
<div class="brief failed">
  <span class="keyword indention">Scenario</span>
  <span class="name">Add and Remove a Mac book from Cart</span>
  

       <i class="chevron fa fa-fw"></i>
  </div>

  </span>
  <div class="description indention"></div>

  <div id="element-1" class="collapse collapsable-details  in ">
    

  <div class="inner-level hooks-element-before">
        <div data-toggle="collapse" class=" collapsed  collapsable-control" data-target="#before-2">
      
<div class="brief passed">
  <span class="keyword indention">Hooks</span>
  <span class="name"></span>
  

       <i class="chevron fa fa-fw"></i>
  </div>

    </div>

    <div id="before-2" class="inner-level collapse collapsable-details ">
              <div class="hook">
          <div class="brief passed">
            <span class="keyword indention">Before</span>
                          <span class="location name">step.definition.Initializer.beforeHooks(io.cucumber.java.Scenario)</span>
                        
  <span class="lead-duration duration">3.200</span>

          </div>

                      

          
                    
          
  
        </div>
          </div>
  </div>


    
<div class="steps inner-level">
    <div data-toggle="collapse" class=" collapsable-control" data-target="#steps-3">
    
<div class="brief failed">
  <span class="keyword indention">Steps</span>
  <span class="name"></span>
  

       <i class="chevron fa fa-fw"></i>
  </div>

  </div>

  <div id="steps-3" class="inner-level collapse collapsable-details  in ">
          <div class="step">
        
<div class="brief passed">
  <span class="keyword indention">And</span>
  <span class="name">User click on MacBook item</span>
  
  <span class="lead-duration duration">1.327</span>

</div>

        


        


        
        

        
        
  
        


      </div>
          <div class="step">
        
<div class="brief passed">
  <span class="keyword indention">And</span>
  <span class="name">User click add to Cart button</span>
  
  <span class="lead-duration duration">0.406</span>

</div>

        


        


        
        

        
        
    <div class="embeddings inner-level">
                    <div class="embedding indention">
        <div data-toggle="collapse" data-target="#embedding-4" class="collapsable-control">
      <a>Step Screenshot</a>
      <a href="embeddings/embedding_676378683.png" download target="_blank">
        <span class="download-button glyphicon glyphicon-download-alt"></span>
      </a>
    </div>
    <div id="embedding-4" class="collapse collapsable-details ">
      <div class="embedding-content">
        <img src="embeddings/embedding_676378683.png">
      </div>
    </div>
  </div>
            </div>
  
        


      </div>
          <div class="step">
        
<div class="brief passed">
  <span class="keyword indention">And</span>
  <span class="name">User should see <span class="argument">1</span> item(s)<span class="argument">-602.00</span> showed to the cart</span>
  
  <span class="lead-duration duration">0.098</span>

</div>

        


        


        
        

        
        
  
        


      </div>
          <div class="step">
        
<div class="brief passed">
  <span class="keyword indention">And</span>
  <span class="name">User click on cart option</span>
  
  <span class="lead-duration duration">0.078</span>

</div>

        


        


        
        

        
        
  
        


      </div>
          <div class="step">
        
<div class="brief passed">
  <span class="keyword indention">And</span>
  <span class="name">User click on red X button to remove the item from cart</span>
  
  <span class="lead-duration duration">0.072</span>

</div>

        


        


        
        

        
        
  
        


      </div>
          <div class="step">
        
<div class="brief failed">
  <span class="keyword indention">Then</span>
  <span class="name">Item should be removed and cart should show <span class="argument">0</span> item(s)</span>
  
  <span class="lead-duration duration">0.222</span>

</div>

        


        

  <div class="inner-level">
    <div class="message indention">
      <div data-toggle="collapse" class=" collapsable-control" data-target="#msg-5">
          <a>org.openqa.selenium.StaleElementReferenceException:</a>
      </div>
      <div id="msg-5" class="collapse collapsable-details  in ">
        <pre>org.openqa.selenium.StaleElementReferenceException: stale element reference: element is not attached to the page document
  (Session info: chrome=103.0.5060.134)
For documentation on this error, please visit: https://www.seleniumhq.org/exceptions/stale_element_reference.html
Build info: version: '3.141.59', revision: 'e82be7d358', time: '2018-11-14T08:17:03'
System info: host: 'DESKTOP-CJRDF85', ip: '192.168.1.164', os.name: 'Windows 10', os.arch: 'amd64', os.version: '10.0', java.version: '1.8.0_311'
Driver info: org.openqa.selenium.chrome.ChromeDriver
Capabilities {acceptInsecureCerts: false, browserName: chrome, browserVersion: 103.0.5060.134, chrome: {chromedriverVersion: 103.0.5060.134 (8ec6fce403b..., userDataDir: C:\Users\Wally\AppData\Loca...}, goog:chromeOptions: {debuggerAddress: localhost:53904}, javascriptEnabled: true, networkConnectionEnabled: false, pageLoadStrategy: normal, platform: WINDOWS, platformName: WINDOWS, proxy: Proxy(), setWindowRect: true, strictFileInteractability: false, timeouts: {implicit: 0, pageLoad: 300000, script: 30000}, unhandledPromptBehavior: dismiss and notify, webauthn:extension:credBlob: true, webauthn:extension:largeBlob: true, webauthn:virtualAuthenticators: true}
Session ID: 08965dd003210d8c471ad468f1d3c9f0
	at sun.reflect.NativeConstructorAccessorImpl.newInstance0(Native Method)
	at sun.reflect.NativeConstructorAccessorImpl.newInstance(Unknown Source)
	at sun.reflect.DelegatingConstructorAccessorImpl.newInstance(Unknown Source)
	at java.lang.reflect.Constructor.newInstance(Unknown Source)
	at org.openqa.selenium.remote.http.W3CHttpResponseCodec.createException(W3CHttpResponseCodec.java:187)
	at org.openqa.selenium.remote.http.W3CHttpResponseCodec.decode(W3CHttpResponseCodec.java:122)
	at org.openqa.selenium.remote.http.W3CHttpResponseCodec.decode(W3CHttpResponseCodec.java:49)
	at org.openqa.selenium.remote.HttpCommandExecutor.execute(HttpCommandExecutor.java:158)
	at org.openqa.selenium.remote.service.DriverCommandExecutor.execute(DriverCommandExecutor.java:83)
	at org.openqa.selenium.remote.RemoteWebDriver.execute(RemoteWebDriver.java:552)
	at org.openqa.selenium.remote.RemoteWebElement.execute(RemoteWebElement.java:285)
	at org.openqa.selenium.remote.RemoteWebElement.isDisplayed(RemoteWebElement.java:326)
	at sun.reflect.NativeMethodAccessorImpl.invoke0(Native Method)
	at sun.reflect.NativeMethodAccessorImpl.invoke(Unknown Source)
	at sun.reflect.DelegatingMethodAccessorImpl.invoke(Unknown Source)
	at java.lang.reflect.Method.invoke(Unknown Source)
	at org.openqa.selenium.support.pagefactory.internal.LocatingElementHandler.invoke(LocatingElementHandler.java:51)
	at com.sun.proxy.$Proxy18.isDisplayed(Unknown Source)
	at page.objects.LaptopNoteBooksPageObject.isZeroItemInCart(LaptopNoteBooksPageObject.java:66)
	at step.definition.LaptopNoteBooksStepDefinition.item_should_be_removed_and_cart_should_show_item_s(LaptopNoteBooksStepDefinition.java:51)
	at &#10045;.Item should be removed and cart should show 0 item(s)(classpath:features/LapTopNotebooks.feature:14)
</pre>
      </div>
    </div>
  </div>


        
        

        
        
  
        


      </div>
      </div>
</div>


    

  <div class="inner-level hooks-element-after">
        <div data-toggle="collapse" class=" collapsed  collapsable-control" data-target="#after-6">
      
<div class="brief passed">
  <span class="keyword indention">Hooks</span>
  <span class="name"></span>
  

       <i class="chevron fa fa-fw"></i>
  </div>

    </div>

    <div id="after-6" class="inner-level collapse collapsable-details ">
              <div class="hook">
          <div class="brief passed">
            <span class="keyword indention">After</span>
                          <span class="location name">step.definition.Initializer.afterHooks(io.cucumber.java.Scenario)</span>
                        
  <span class="lead-duration duration">5.044</span>

          </div>

                      

          
                    
          
    <div class="embeddings inner-level">
                    <div class="embedding indention">
        <div data-toggle="collapse" data-target="#embedding-7" class="collapsable-control">
      <a>Failed Test</a>
      <a href="embeddings/embedding_721770276.png" download target="_blank">
        <span class="download-button glyphicon glyphicon-download-alt"></span>
      </a>
    </div>
    <div id="embedding-7" class="collapse collapsable-details ">
      <div class="embedding-content">
        <img src="embeddings/embedding_721770276.png">
      </div>
    </div>
  </div>
            </div>
  
        </div>
          </div>
  </div>

  </div>
</div>

                      
<div class="element">
      <div class="indention">
      <b>Feature:</b>
      <a href="report-feature_2_4277344432.html">Laptop &amp; NoteBooks</a>
    </div>
  
  
<div class="tags indention">
      <b>Tags:</b>
           <a href="report-tag_1397372154.html">@laptopAndNoteBooks</a>
      </div>

  
  <span class="lead-duration duration">0.298</span>


    <span data-toggle="collapse" class=" collapsable-control" data-target="#element-8">
    
<div class="brief failed">
  <span class="keyword indention">Scenario</span>
  <span class="name">Product Comparison</span>
  

       <i class="chevron fa fa-fw"></i>
  </div>

  </span>
  <div class="description indention"></div>

  <div id="element-8" class="collapse collapsable-details  in ">
    

  <div class="inner-level hooks-element-before">
        <div data-toggle="collapse" class=" collapsed  collapsable-control" data-target="#before-9">
      
<div class="brief passed">
  <span class="keyword indention">Hooks</span>
  <span class="name"></span>
  

       <i class="chevron fa fa-fw"></i>
  </div>

    </div>

    <div id="before-9" class="inner-level collapse collapsable-details ">
              <div class="hook">
          <div class="brief passed">
            <span class="keyword indention">Before</span>
                          <span class="location name">step.definition.Initializer.beforeHooks(io.cucumber.java.Scenario)</span>
                        
  <span class="lead-duration duration">3.182</span>

          </div>

                      

          
                    
          
  
        </div>
          </div>
  </div>


    
<div class="steps inner-level">
    <div data-toggle="collapse" class=" collapsable-control" data-target="#steps-10">
    
<div class="brief failed">
  <span class="keyword indention">Steps</span>
  <span class="name"></span>
  

       <i class="chevron fa fa-fw"></i>
  </div>

  </div>

  <div id="steps-10" class="inner-level collapse collapsable-details  in ">
          <div class="step">
        
<div class="brief passed">
  <span class="keyword indention">And</span>
  <span class="name">User click on product comparison icon on <span class="argument">'MacBook'</span></span>
  
  <span class="lead-duration duration">0.096</span>

</div>

        


        


        
        

        
        
  
        


      </div>
          <div class="step">
        
<div class="brief passed">
  <span class="keyword indention">And</span>
  <span class="name">User click on product comparison icon on MacBook Air</span>
  
  <span class="lead-duration duration">0.086</span>

</div>

        


        


        
        

        
        
  
        


      </div>
          <div class="step">
        
<div class="brief failed">
  <span class="keyword indention">And</span>
  <span class="name">User click on Product comparison link</span>
  
  <span class="lead-duration duration">0.116</span>

</div>

        


        

  <div class="inner-level">
    <div class="message indention">
      <div data-toggle="collapse" class=" collapsable-control" data-target="#msg-11">
          <a>org.openqa.selenium.StaleElementReferenceException:</a>
      </div>
      <div id="msg-11" class="collapse collapsable-details  in ">
        <pre>org.openqa.selenium.StaleElementReferenceException: stale element reference: element is not attached to the page document
  (Session info: chrome=103.0.5060.134)
For documentation on this error, please visit: https://www.seleniumhq.org/exceptions/stale_element_reference.html
Build info: version: '3.141.59', revision: 'e82be7d358', time: '2018-11-14T08:17:03'
System info: host: 'DESKTOP-CJRDF85', ip: '192.168.1.164', os.name: 'Windows 10', os.arch: 'amd64', os.version: '10.0', java.version: '1.8.0_311'
Driver info: org.openqa.selenium.chrome.ChromeDriver
Capabilities {acceptInsecureCerts: false, browserName: chrome, browserVersion: 103.0.5060.134, chrome: {chromedriverVersion: 103.0.5060.134 (8ec6fce403b..., userDataDir: C:\Users\Wally\AppData\Loca...}, goog:chromeOptions: {debuggerAddress: localhost:53945}, javascriptEnabled: true, networkConnectionEnabled: false, pageLoadStrategy: normal, platform: WINDOWS, platformName: WINDOWS, proxy: Proxy(), setWindowRect: true, strictFileInteractability: false, timeouts: {implicit: 0, pageLoad: 300000, script: 30000}, unhandledPromptBehavior: dismiss and notify, webauthn:extension:credBlob: true, webauthn:extension:largeBlob: true, webauthn:virtualAuthenticators: true}
Session ID: 1abd4a8be3f607f08f9cd8f3d9c6aa4e
	at sun.reflect.NativeConstructorAccessorImpl.newInstance0(Native Method)
	at sun.reflect.NativeConstructorAccessorImpl.newInstance(Unknown Source)
	at sun.reflect.DelegatingConstructorAccessorImpl.newInstance(Unknown Source)
	at java.lang.reflect.Constructor.newInstance(Unknown Source)
	at org.openqa.selenium.remote.http.W3CHttpResponseCodec.createException(W3CHttpResponseCodec.java:187)
	at org.openqa.selenium.remote.http.W3CHttpResponseCodec.decode(W3CHttpResponseCodec.java:122)
	at org.openqa.selenium.remote.http.W3CHttpResponseCodec.decode(W3CHttpResponseCodec.java:49)
	at org.openqa.selenium.remote.HttpCommandExecutor.execute(HttpCommandExecutor.java:158)
	at org.openqa.selenium.remote.service.DriverCommandExecutor.execute(DriverCommandExecutor.java:83)
	at org.openqa.selenium.remote.RemoteWebDriver.execute(RemoteWebDriver.java:552)
	at org.openqa.selenium.remote.RemoteWebElement.execute(RemoteWebElement.java:285)
	at org.openqa.selenium.remote.RemoteWebElement.click(RemoteWebElement.java:84)
	at sun.reflect.GeneratedMethodAccessor127.invoke(Unknown Source)
	at sun.reflect.DelegatingMethodAccessorImpl.invoke(Unknown Source)
	at java.lang.reflect.Method.invoke(Unknown Source)
	at org.openqa.selenium.support.pagefactory.internal.LocatingElementHandler.invoke(LocatingElementHandler.java:51)
	at com.sun.proxy.$Proxy18.click(Unknown Source)
	at page.objects.LaptopNoteBooksPageObject.clickOnProductComparisonLink(LaptopNoteBooksPageObject.java:91)
	at step.definition.LaptopNoteBooksStepDefinition.user_click_on_product_comparison_link(LaptopNoteBooksStepDefinition.java:68)
	at &#10045;.User click on Product comparison link(classpath:features/LapTopNotebooks.feature:19)
</pre>
      </div>
    </div>
  </div>


        
        

        
        
  
        


      </div>
          <div class="step">
        
<div class="brief skipped">
  <span class="keyword indention">Then</span>
  <span class="name">User should see Product Comparison Chart</span>
  
  <span class="lead-duration duration">0.000</span>

</div>

        


        


        
        

        
        
  
        


      </div>
      </div>
</div>


    

  <div class="inner-level hooks-element-after">
        <div data-toggle="collapse" class=" collapsed  collapsable-control" data-target="#after-12">
      
<div class="brief passed">
  <span class="keyword indention">Hooks</span>
  <span class="name"></span>
  

       <i class="chevron fa fa-fw"></i>
  </div>

    </div>

    <div id="after-12" class="inner-level collapse collapsable-details ">
              <div class="hook">
          <div class="brief passed">
            <span class="keyword indention">After</span>
                          <span class="location name">step.definition.Initializer.afterHooks(io.cucumber.java.Scenario)</span>
                        
  <span class="lead-duration duration">1.066</span>

          </div>

                      

          
                    
          
    <div class="embeddings inner-level">
                    <div class="embedding indention">
        <div data-toggle="collapse" data-target="#embedding-13" class="collapsable-control">
      <a>Failed Test</a>
      <a href="embeddings/embedding_-1158710036.png" download target="_blank">
        <span class="download-button glyphicon glyphicon-download-alt"></span>
      </a>
    </div>
    <div id="embedding-13" class="collapse collapsable-details ">
      <div class="embedding-content">
        <img src="embeddings/embedding_-1158710036.png">
      </div>
    </div>
  </div>
            </div>
  
        </div>
          </div>
  </div>

  </div>
</div>

                      
<div class="element">
      <div class="indention">
      <b>Feature:</b>
      <a href="report-feature_3_199362062.html">Retail Page</a>
    </div>
  
  
<div class="tags indention">
      <b>Tags:</b>
           <a href="report-tag_1312561809.html">@RetailPage</a>
      </div>

  
  <span class="lead-duration duration">50.040</span>


    <span data-toggle="collapse" class=" collapsable-control" data-target="#element-14">
    
<div class="brief failed">
  <span class="keyword indention">Scenario</span>
  <span class="name">Register as an Affiliate user with Cheque Payment Method</span>
  

       <i class="chevron fa fa-fw"></i>
  </div>

  </span>
  <div class="description indention"></div>

  <div id="element-14" class="collapse collapsable-details  in ">
    

  <div class="inner-level hooks-element-before">
        <div data-toggle="collapse" class=" collapsed  collapsable-control" data-target="#before-15">
      
<div class="brief passed">
  <span class="keyword indention">Hooks</span>
  <span class="name"></span>
  

       <i class="chevron fa fa-fw"></i>
  </div>

    </div>

    <div id="before-15" class="inner-level collapse collapsable-details ">
              <div class="hook">
          <div class="brief passed">
            <span class="keyword indention">Before</span>
                          <span class="location name">step.definition.Initializer.beforeHooks(io.cucumber.java.Scenario)</span>
                        
  <span class="lead-duration duration">3.218</span>

          </div>

                      

          
                    
          
  
        </div>
          </div>
  </div>


    
<div class="steps inner-level">
    <div data-toggle="collapse" class=" collapsable-control" data-target="#steps-16">
    
<div class="brief failed">
  <span class="keyword indention">Steps</span>
  <span class="name"></span>
  

       <i class="chevron fa fa-fw"></i>
  </div>

  </div>

  <div id="steps-16" class="inner-level collapse collapsable-details  in ">
          <div class="step">
        
<div class="brief failed">
  <span class="keyword indention">When</span>
  <span class="name">User click on Register for an Affiliate Account link</span>
  
  <span class="lead-duration duration">50.039</span>

</div>

        


        

  <div class="inner-level">
    <div class="message indention">
      <div data-toggle="collapse" class=" collapsable-control" data-target="#msg-17">
          <a>org.openqa.selenium.NoSuchElementException:</a>
      </div>
      <div id="msg-17" class="collapse collapsable-details  in ">
        <pre>org.openqa.selenium.NoSuchElementException: no such element: Unable to locate element: {&quot;method&quot;:&quot;xpath&quot;,&quot;selector&quot;:&quot;//a[text()='Register for an affiliate account']&quot;}
  (Session info: chrome=103.0.5060.134)
For documentation on this error, please visit: https://www.seleniumhq.org/exceptions/no_such_element.html
Build info: version: '3.141.59', revision: 'e82be7d358', time: '2018-11-14T08:17:03'
System info: host: 'DESKTOP-CJRDF85', ip: '192.168.1.164', os.name: 'Windows 10', os.arch: 'amd64', os.version: '10.0', java.version: '1.8.0_311'
Driver info: org.openqa.selenium.chrome.ChromeDriver
Capabilities {acceptInsecureCerts: false, browserName: chrome, browserVersion: 103.0.5060.134, chrome: {chromedriverVersion: 103.0.5060.134 (8ec6fce403b..., userDataDir: C:\Users\Wally\AppData\Loca...}, goog:chromeOptions: {debuggerAddress: localhost:54030}, javascriptEnabled: true, networkConnectionEnabled: false, pageLoadStrategy: normal, platform: WINDOWS, platformName: WINDOWS, proxy: Proxy(), setWindowRect: true, strictFileInteractability: false, timeouts: {implicit: 0, pageLoad: 300000, script: 30000}, unhandledPromptBehavior: dismiss and notify, webauthn:extension:credBlob: true, webauthn:extension:largeBlob: true, webauthn:virtualAuthenticators: true}
Session ID: 50721aaa1c56e81aa61f488916842c86
*** Element info: {Using=xpath, value=//a[text()='Register for an affiliate account']}
	at sun.reflect.NativeConstructorAccessorImpl.newInstance0(Native Method)
	at sun.reflect.NativeConstructorAccessorImpl.newInstance(Unknown Source)
	at sun.reflect.DelegatingConstructorAccessorImpl.newInstance(Unknown Source)
	at java.lang.reflect.Constructor.newInstance(Unknown Source)
	at org.openqa.selenium.remote.http.W3CHttpResponseCodec.createException(W3CHttpResponseCodec.java:187)
	at org.openqa.selenium.remote.http.W3CHttpResponseCodec.decode(W3CHttpResponseCodec.java:122)
	at org.openqa.selenium.remote.http.W3CHttpResponseCodec.decode(W3CHttpResponseCodec.java:49)
	at org.openqa.selenium.remote.HttpCommandExecutor.execute(HttpCommandExecutor.java:158)
	at org.openqa.selenium.remote.service.DriverCommandExecutor.execute(DriverCommandExecutor.java:83)
	at org.openqa.selenium.remote.RemoteWebDriver.execute(RemoteWebDriver.java:552)
	at org.openqa.selenium.remote.RemoteWebDriver.findElement(RemoteWebDriver.java:323)
	at org.openqa.selenium.remote.RemoteWebDriver.findElementByXPath(RemoteWebDriver.java:428)
	at org.openqa.selenium.By$ByXPath.findElement(By.java:353)
	at org.openqa.selenium.remote.RemoteWebDriver.findElement(RemoteWebDriver.java:315)
	at org.openqa.selenium.support.pagefactory.DefaultElementLocator.findElement(DefaultElementLocator.java:69)
	at org.openqa.selenium.support.pagefactory.internal.LocatingElementHandler.invoke(LocatingElementHandler.java:38)
	at com.sun.proxy.$Proxy18.click(Unknown Source)
	at page.objects.RetailPageObject.clickOnRegForAffiliateAccountText(RetailPageObject.java:75)
	at step.definition.RetailStepDefinition.User_click_on_Register_for_an_Affiliate_Account_link(RetailStepDefinition.java:56)
	at &#10045;.User click on Register for an Affiliate Account link(classpath:features/RetailPage.feature:14)
</pre>
      </div>
    </div>
  </div>


        
        

        
        
  
        


      </div>
          <div class="step">
        
<div class="brief skipped">
  <span class="keyword indention">And</span>
  <span class="name">User fill affiliate form with below information</span>
  
  <span class="lead-duration duration">0.001</span>

</div>

        


        


                  <table class="step-arguments">
                          <tr>
                                  <td>company</td>
                                  <td>website</td>
                                  <td>taxID</td>
                                  <td>paymentMethod</td>
                                  <td>chequepayeename</td>
                              </tr>
                          <tr>
                                  <td>neel</td>
                                  <td>www.neel.com</td>
                                  <td>12345</td>
                                  <td>Cheque</td>
                                  <td>neel</td>
                              </tr>
                      </table>
        
        

        
        
  
        


      </div>
          <div class="step">
        
<div class="brief skipped">
  <span class="keyword indention">And</span>
  <span class="name">User check on About us check box</span>
  
  <span class="lead-duration duration">0.000</span>

</div>

        


        


        
        

        
        
  
        


      </div>
          <div class="step">
        
<div class="brief skipped">
  <span class="keyword indention">And</span>
  <span class="name">User click on Continue button</span>
  
  <span class="lead-duration duration">0.000</span>

</div>

        


        


        
        

        
        
  
        


      </div>
          <div class="step">
        
<div class="brief skipped">
  <span class="keyword indention">Then</span>
  <span class="name">User should see a success message</span>
  
  <span class="lead-duration duration">0.000</span>

</div>

        


        


        
        

        
        
  
        


      </div>
      </div>
</div>


    

  <div class="inner-level hooks-element-after">
        <div data-toggle="collapse" class=" collapsed  collapsable-control" data-target="#after-18">
      
<div class="brief passed">
  <span class="keyword indention">Hooks</span>
  <span class="name"></span>
  

       <i class="chevron fa fa-fw"></i>
  </div>

    </div>

    <div id="after-18" class="inner-level collapse collapsable-details ">
              <div class="hook">
          <div class="brief passed">
            <span class="keyword indention">After</span>
                          <span class="location name">step.definition.Initializer.afterHooks(io.cucumber.java.Scenario)</span>
                        
  <span class="lead-duration duration">0.959</span>

          </div>

                      

          
                    
          
    <div class="embeddings inner-level">
                    <div class="embedding indention">
        <div data-toggle="collapse" data-target="#embedding-19" class="collapsable-control">
      <a>Failed Test</a>
      <a href="embeddings/embedding_719574114.png" download target="_blank">
        <span class="download-button glyphicon glyphicon-download-alt"></span>
      </a>
    </div>
    <div id="embedding-19" class="collapse collapsable-details ">
      <div class="embedding-content">
        <img src="embeddings/embedding_719574114.png">
      </div>
    </div>
  </div>
            </div>
  
        </div>
          </div>
  </div>

  </div>
</div>

                  </div>
      
    </div>
  </div>
</div>

  
<div class="container-fluid">
  <div class="row">
    <div class="col-md-1 col-md-offset-10">
      <i class="fa fa-chevron-circle-down fa-2x collapsable-control"
        onClick="javascript:$('#report .collapsable-details').collapse('show')"></i>
      <i class="fa fa-chevron-circle-up fa-2x collapsable-control"
        onClick="javascript:$('#report .collapsable-details').collapse('hide')"></i>
    </div>
  </div>
</div>

<br/>

<nav class="navbar navbar-default" id="footer">
  <div class="container-fluid">
    <p class="navbar-text navbar-right">
        <small>generate Cucumber HTML reports via:&nbsp;</small>
        <a class="navbar-link" href="https://github.com/jenkinsci/cucumber-reports-plugin">Jenkins Plugin</a> |
        <a class="navbar-link" href="https://github.com/damianszczepanik/cucumber-reporting">Standalone</a> |
        <a class="navbar-link" href="https://github.com/damianszczepanik/cucumber-sandwich">Sandwich</a> |
        <a class="navbar-link" href="https://github.com/damianszczepanik/maven-cucumber-reporting">Maven</a>
        &nbsp;&nbsp;
    </p>
  </div>
</nav>

</body>
</html>
